This file contains any messages produced by compilers while
running configure, to aid debugging if configure makes a mistake.

It was created by DOMjudge configure 4.0.0DEV, which was
generated by GNU Autoconf 2.69.  Invocation command line was

  $ ./configure --prefix=/home/rui/domjudge

## --------- ##
## Platform. ##
## --------- ##

hostname = rui-VirtualBox
uname -m = i686
uname -r = 3.8.0-19-generic
uname -s = Linux
uname -v = #29-Ubuntu SMP Wed Apr 17 18:19:42 UTC 2013

/usr/bin/uname -p = unknown
/bin/uname -X     = unknown

/bin/arch              = unknown
/usr/bin/arch -k       = unknown
/usr/convex/getsysinfo = unknown
/usr/bin/hostinfo      = unknown
/bin/machine           = unknown
/usr/bin/oslevel       = unknown
/bin/universe          = unknown

PATH: /usr/lib/lightdm/lightdm
PATH: /usr/local/sbin
PATH: /usr/local/bin
PATH: /usr/sbin
PATH: /usr/bin
PATH: /sbin
PATH: /bin
PATH: /usr/games
PATH: /usr/local/games


## ----------- ##
## Core tests. ##
## ----------- ##

configure:2627: checking whether configure should try to set CFLAGS
configure:2631: result: yes
configure:2627: checking whether configure should try to set CXXFLAGS
configure:2631: result: yes
configure:2627: checking whether configure should try to set LDFLAGS
configure:2631: result: yes
configure:2686: checking for gcc
configure:2702: found /usr/bin/gcc
configure:2713: result: gcc
configure:2942: checking for C compiler version
configure:2951: gcc --version >&5
gcc (Ubuntu/Linaro 4.7.3-1ubuntu1) 4.7.3
Copyright (C) 2012 Free Software Foundation, Inc.
This is free software; see the source for copying conditions.  There is NO
warranty; not even for MERCHANTABILITY or FITNESS FOR A PARTICULAR PURPOSE.

configure:2962: $? = 0
configure:2951: gcc -v >&5
Using built-in specs.
COLLECT_GCC=gcc
COLLECT_LTO_WRAPPER=/usr/lib/gcc/i686-linux-gnu/4.7/lto-wrapper
Target: i686-linux-gnu
Configured with: ../src/configure -v --with-pkgversion='Ubuntu/Linaro 4.7.3-1ubuntu1' --with-bugurl=file:///usr/share/doc/gcc-4.7/README.Bugs --enable-languages=c,c++,go,fortran,objc,obj-c++ --prefix=/usr --program-suffix=-4.7 --enable-shared --enable-linker-build-id --libexecdir=/usr/lib --without-included-gettext --enable-threads=posix --with-gxx-include-dir=/usr/include/c++/4.7 --libdir=/usr/lib --enable-nls --with-sysroot=/ --enable-clocale=gnu --enable-libstdcxx-debug --enable-libstdcxx-time=yes --enable-gnu-unique-object --enable-plugin --with-system-zlib --enable-objc-gc --enable-targets=all --with-cloog --enable-cloog-backend=ppl --disable-cloog-version-check --disable-ppl-version-check --enable-multiarch --disable-werror --with-arch-32=i686 --with-multilib-list=m32,m64,mx32 --with-tune=generic --enable-checking=release --build=i686-linux-gnu --host=i686-linux-gnu --target=i686-linux-gnu
Thread model: posix
gcc version 4.7.3 (Ubuntu/Linaro 4.7.3-1ubuntu1) 
configure:2962: $? = 0
configure:2951: gcc -V >&5
gcc: error: unrecognized command line option '-V'
gcc: fatal error: no input files
compilation terminated.
configure:2962: $? = 4
configure:2951: gcc -qversion >&5

## ---------------- ##
## Cache variables. ##
## ---------------- ##

ac_cv_env_CCC_set=
ac_cv_env_CCC_value=
ac_cv_env_CC_set=
ac_cv_env_CC_value=
ac_cv_env_CFLAGS_set=
ac_cv_env_CFLAGS_value=
ac_cv_env_CPPFLAGS_set=
ac_cv_env_CPPFLAGS_value=
ac_cv_env_CPP_set=
ac_cv_env_CPP_value=
ac_cv_env_CURL_CFLAGS_set=
ac_cv_env_CURL_CFLAGS_value=
ac_cv_env_CURL_CONFIG_set=
ac_cv_env_CURL_CONFIG_value=
ac_cv_env_CURL_LIBS_set=
ac_cv_env_CURL_LIBS_value=
ac_cv_env_CXXCPP_set=
ac_cv_env_CXXCPP_value=
ac_cv_env_CXXFLAGS_set=
ac_cv_env_CXXFLAGS_value=
ac_cv_env_CXX_set=
ac_cv_env_CXX_value=
ac_cv_env_LDFLAGS_set=
ac_cv_env_LDFLAGS_value=
ac_cv_env_LIBS_set=
ac_cv_env_LIBS_value=
ac_cv_env_build_alias_set=
ac_cv_env_build_alias_value=
ac_cv_env_host_alias_set=
ac_cv_env_host_alias_value=
ac_cv_env_target_alias_set=
ac_cv_env_target_alias_value=
ac_cv_prog_ac_ct_CC=gcc

## ----------------- ##
## Output variables. ##
## ----------------- ##

AWK=''
BOOST_CPPFLAGS=''
BOOST_LDFLAGS=''
BOOST_REGEX_LIB=''
CC='gcc'
CFLAGS=''
CHECKTESTDATA_ENABLED=''
CPP=''
CPPFLAGS=''
CURL_CFLAGS=''
CURL_CONFIG=''
CURL_LIBS=''
CURL_STATIC=''
CXX=''
CXXCPP=''
CXXFLAGS=''
DEFS=''
DOMJUDGE_USER=''
DOMJUDGE_VERSION='4.0.0DEV'
ECHO_C=''
ECHO_N='-n'
ECHO_T=''
EGREP=''
EXEEXT=''
FHS_ENABLED='no'
GREP=''
HTPASSWD=''
INSTALL_DATA=''
INSTALL_PROGRAM=''
INSTALL_SCRIPT=''
LDFLAGS=''
LIBCGROUP=''
LIBGMPXX=''
LIBJSONCPP=''
LIBMAGIC=''
LIBOBJS=''
LIBS=''
LN_S=''
LTLIBOBJS=''
MKDIR_P=''
OBJEXT=''
PACKAGE_BUGREPORT='domjudge-devel@lists.A-Eskwadraat.nl'
PACKAGE_NAME='DOMjudge'
PACKAGE_STRING='DOMjudge 4.0.0DEV'
PACKAGE_TARNAME='domjudge'
PACKAGE_URL=''
PACKAGE_VERSION='4.0.0DEV'
PATH_SEPARATOR=':'
POW_LIB=''
RUNUSER=''
SED=''
SET_MAKE=''
SHELL='/bin/bash'
SUBMIT_DEFAULT=''
SUBMIT_ENABLE_CMD=''
SUBMIT_ENABLE_WEB=''
USE_CGROUPS=''
WEBSERVER_GROUP=''
ac_ct_CC='gcc'
ac_ct_CXX=''
bindir='${exec_prefix}/bin'
build_alias=''
datadir='${datarootdir}'
datarootdir='${prefix}/share'
docdir='${datarootdir}/doc/${PACKAGE_TARNAME}'
domjudge_docdir=''
domserver_bindir=''
domserver_etcdir=''
domserver_libdir=''
domserver_libextdir=''
domserver_libsubmitdir=''
domserver_libwwwdir=''
domserver_logdir=''
domserver_root=''
domserver_rundir=''
domserver_sqldir=''
domserver_submitdir=''
domserver_tmpdir=''
domserver_wwwdir=''
dvidir='${docdir}'
exec_prefix='NONE'
host_alias=''
htmldir='${docdir}'
includedir='${prefix}/include'
infodir='${datarootdir}/info'
judgehost_bindir=''
judgehost_etcdir=''
judgehost_judgedir=''
judgehost_libdir=''
judgehost_libjudgedir=''
judgehost_logdir=''
judgehost_root=''
judgehost_rundir=''
judgehost_tmpdir=''
libdir='${exec_prefix}/lib'
libexecdir='${exec_prefix}/libexec'
localedir='${datarootdir}/locale'
localstatedir='${prefix}/var'
mandir='${datarootdir}/man'
oldincludedir='/usr/include'
pdfdir='${docdir}'
prefix='/home/rui/domjudge'
program_transform_name='s,x,x,'
psdir='${docdir}'
sbindir='${exec_prefix}/sbin'
sharedstatedir='${prefix}/com'
sysconfdir='${prefix}/etc'
target_alias=''

## ----------- ##
## confdefs.h. ##
## ----------- ##

/* confdefs.h */
#define PACKAGE_NAME "DOMjudge"
#define PACKAGE_TARNAME "domjudge"
#define PACKAGE_VERSION "4.0.0DEV"
#define PACKAGE_STRING "DOMjudge 4.0.0DEV"
#define PACKAGE_BUGREPORT "domjudge-devel@lists.A-Eskwadraat.nl"
#define PACKAGE_URL ""
#define DOMJUDGE_VERSION "4.0.0DEV"

configure: caught signal 2
configure: exit 1
