1 1 1 2
1 1 2 1
1 2 1 1
2 1 1 1
1 0 1 1
0 1 0 0
1 0 1 1
1 0 1 1
1 0 0 0
0 1 0 0
0 0 1 0
0 0 0 1
1 0 0 0
0 1 0 0
0 0 1 1
0 0 1 1
1 1 1 1 2 3 1 3 6
1 1 1 2 1 2 3 1 3
1 1 1 3 2 1 6 3 1
1 2 3 1 1 1 1 2 3
2 1 2 1 1 1 2 1 2
3 2 1 1 1 1 3 2 1
1 3 6 1 2 3 1 1 1
3 1 3 2 1 2 1 1 1
6 3 1 3 2 1 1 1 1
1 1 1 1 1 1 1 1 2
1 1 1 1 1 1 1 1 2
1 1 1 1 1 1 1 1 2
1 1 1 1 1 2 1 1 1
1 1 1 1 1 1 1 1 2
1 1 1 2 1 1 2 2 1
1 1 1 1 1 2 1 1 1
1 1 1 1 1 2 1 1 1
2 2 2 1 2 1 1 1 1
1 1 1 1 1 2 1 1 3
1 1 1 1 1 2 1 1 3
1 1 1 3 2 1 3 3 1
1 1 3 1 1 2 1 1 1
1 1 2 1 1 1 1 1 2
2 2 1 2 1 1 2 2 1
1 1 3 1 1 2 1 1 1
1 1 3 1 1 2 1 1 1
3 3 1 1 2 1 1 1 1
1 1 2 1 2 2 1 3 5
1 1 1 2 1 1 3 1 2
2 1 1 1 1 1 3 2 1
1 2 1 1 1 1 1 2 3
2 1 1 1 1 1 2 1 2
2 1 1 1 1 1 3 2 1
1 3 3 1 2 3 1 1 1
3 1 2 2 1 2 1 1 1
5 2 1 3 2 1 1 1 1
1 1 1 1 1 1 2 3 4 5 1 3 6 10 15 1 4 10 20 35 1 5 15 35 70
1 1 1 1 1 2 1 2 3 4 3 1 3 6 10 4 1 4 10 20 5 1 5 15 35
1 1 1 1 1 3 2 1 2 3 6 3 1 3 6 10 4 1 4 10 15 5 1 5 15
1 1 1 1 1 4 3 2 1 2 10 6 3 1 3 20 10 4 1 4 35 15 5 1 5
1 1 1 1 1 5 4 3 2 1 15 10 6 3 1 35 20 10 4 1 70 35 15 5 1
1 2 3 4 5 1 1 1 1 1 1 2 3 4 5 1 3 6 10 15 1 4 10 20 35
2 1 2 3 4 1 1 1 1 1 2 1 2 3 4 3 1 3 6 10 4 1 4 10 20
3 2 1 2 3 1 1 1 1 1 3 2 1 2 3 6 3 1 3 6 10 4 1 4 10
4 3 2 1 2 1 1 1 1 1 4 3 2 1 2 10 6 3 1 3 20 10 4 1 4
5 4 3 2 1 1 1 1 1 1 5 4 3 2 1 15 10 6 3 1 35 20 10 4 1
1 3 6 10 15 1 2 3 4 5 1 1 1 1 1 1 2 3 4 5 1 3 6 10 15
3 1 3 6 10 2 1 2 3 4 1 1 1 1 1 2 1 2 3 4 3 1 3 6 10
6 3 1 3 6 3 2 1 2 3 1 1 1 1 1 3 2 1 2 3 6 3 1 3 6
10 6 3 1 3 4 3 2 1 2 1 1 1 1 1 4 3 2 1 2 10 6 3 1 3
15 10 6 3 1 5 4 3 2 1 1 1 1 1 1 5 4 3 2 1 15 10 6 3 1
1 4 10 20 35 1 3 6 10 15 1 2 3 4 5 1 1 1 1 1 1 2 3 4 5
4 1 4 10 20 3 1 3 6 10 2 1 2 3 4 1 1 1 1 1 2 1 2 3 4
10 4 1 4 10 6 3 1 3 6 3 2 1 2 3 1 1 1 1 1 3 2 1 2 3
20 10 4 1 4 10 6 3 1 3 4 3 2 1 2 1 1 1 1 1 4 3 2 1 2
35 20 10 4 1 15 10 6 3 1 5 4 3 2 1 1 1 1 1 1 5 4 3 2 1
1 5 15 35 70 1 4 10 20 35 1 3 6 10 15 1 2 3 4 5 1 1 1 1 1
5 1 5 15 35 4 1 4 10 20 3 1 3 6 10 2 1 2 3 4 1 1 1 1 1
15 5 1 5 15 10 4 1 4 10 6 3 1 3 6 3 2 1 2 3 1 1 1 1 1
35 15 5 1 5 20 10 4 1 4 10 6 3 1 3 4 3 2 1 2 1 1 1 1 1
70 35 15 5 1 35 20 10 4 1 15 10 6 3 1 5 4 3 2 1 1 1 1 1 1
1 1 1 1 2 1 1 1 1 1 1 2 3 1 2 1 2 5 1 3 1 2 7 1 4
1 1 1 1 1 1 1 1 1 2 3 2 1 1 3 3 3 1 1 4 3 4 1 1 5
1 1 1 1 1 1 1 1 1 2 3 2 1 1 3 3 3 1 1 4 3 4 1 1 5
1 1 1 1 1 1 1 1 1 2 3 2 1 1 3 3 3 1 1 4 3 4 1 1 5
2 1 1 1 1 2 2 2 2 1 6 4 2 3 1 6 6 2 4 1 6 8 2 5 1
1 1 1 1 2 1 1 1 1 1 1 2 3 1 2 1 2 5 1 3 1 2 7 1 4
1 1 1 1 2 1 1 1 1 1 2 1 2 1 2 2 1 3 1 3 2 1 4 1 4
1 1 1 1 2 1 1 1 1 1 3 2 1 1 2 3 3 1 1 3 3 4 1 1 4
1 1 1 1 2 1 1 1 1 1 3 2 1 1 2 3 3 1 1 3 3 4 1 1 4
1 2 2 2 1 1 1 1 1 1 3 2 1 2 1 3 3 1 3 1 3 4 1 4 1
1 3 3 3 6 1 2 3 3 3 1 1 1 3 6 1 1 2 3 9 1 1 3 3 12
2 2 2 2 4 2 1 2 2 2 1 1 1 2 4 1 1 2 2 6 1 1 3 2 8
3 1 1 1 2 3 2 1 1 1 1 1 1 1 2 1 2 1 1 3 1 3 1 1 4
1 1 1 1 3 1 1 1 1 2 3 2 1 1 1 3 3 1 1 2 3 4 1 1 3
2 3 3 3 1 2 2 2 2 1 6 4 2 1 1 6 6 2 2 1 6 8 2 3 1
1 3 3 3 6 1 2 3 3 3 1 1 1 3 6 1 1 2 3 9 1 1 3 3 12
2 3 3 3 6 2 1 3 3 3 1 1 2 3 6 1 1 1 3 9 1 1 2 3 12
5 1 1 1 2 5 3 1 1 1 2 2 1 1 2 2 1 1 1 3 2 2 1 1 4
1 1 1 1 4 1 1 1 1 3 3 2 1 1 2 3 3 1 1 1 3 4 1 1 2
3 4 4 4 1 3 3 3 3 1 9 6 3 2 1 9 9 3 1 1 9 12 3 2 1
1 3 3 3 6 1 2 3 3 3 1 1 1 3 6 1 1 2 3 9 1 1 3 3 12
2 4 4 4 8 2 1 4 4 4 1 1 3 4 8 1 1 2 4 12 1 1 1 4 16
7 1 1 1 2 7 4 1 1 1 3 3 1 1 2 3 2 1 1 3 3 1 1 1 4
1 1 1 1 5 1 1 1 1 4 3 2 1 1 3 3 3 1 1 2 3 4 1 1 1
4 5 5 5 1 4 4 4 4 1 12 8 4 3 1 12 12 4 2 1 12 16 4 1 1
1 1 1 1 1 1 1 1 2 3 4 5 6 7 1 3 6 10 15 21 28 1 4 10 20 35 56 84 1 5 15 35 70 126 210 1 6 21 56 126 252 462 1 7 28 84 210 462 924
1 1 1 1 1 1 1 2 1 2 3 4 5 6 3 1 3 6 10 15 21 4 1 4 10 20 35 56 5 1 5 15 35 70 126 6 1 6 21 56 126 252 7 1 7 28 84 210 462
1 1 1 1 1 1 1 3 2 1 2 3 4 5 6 3 1 3 6 10 15 10 4 1 4 10 20 35 15 5 1 5 15 35 70 21 6 1 6 21 56 126 28 7 1 7 28 84 210
1 1 1 1 1 1 1 4 3 2 1 2 3 4 10 6 3 1 3 6 10 20 10 4 1 4 10 20 35 15 5 1 5 15 35 56 21 6 1 6 21 56 84 28 7 1 7 28 84
1 1 1 1 1 1 1 5 4 3 2 1 2 3 15 10 6 3 1 3 6 35 20 10 4 1 4 10 70 35 15 5 1 5 15 126 56 21 6 1 6 21 210 84 28 7 1 7 28
1 1 1 1 1 1 1 6 5 4 3 2 1 2 21 15 10 6 3 1 3 56 35 20 10 4 1 4 126 70 35 15 5 1 5 252 126 56 21 6 1 6 462 210 84 28 7 1 7
1 1 1 1 1 1 1 7 6 5 4 3 2 1 28 21 15 10 6 3 1 84 56 35 20 10 4 1 210 126 70 35 15 5 1 462 252 126 56 21 6 1 924 462 210 84 28 7 1
1 2 3 4 5 6 7 1 1 1 1 1 1 1 1 2 3 4 5 6 7 1 3 6 10 15 21 28 1 4 10 20 35 56 84 1 5 15 35 70 126 210 1 6 21 56 126 252 462
2 1 2 3 4 5 6 1 1 1 1 1 1 1 2 1 2 3 4 5 6 3 1 3 6 10 15 21 4 1 4 10 20 35 56 5 1 5 15 35 70 126 6 1 6 21 56 126 252
3 2 1 2 3 4 5 1 1 1 1 1 1 1 3 2 1 2 3 4 5 6 3 1 3 6 10 15 10 4 1 4 10 20 35 15 5 1 5 15 35 70 21 6 1 6 21 56 126
4 3 2 1 2 3 4 1 1 1 1 1 1 1 4 3 2 1 2 3 4 10 6 3 1 3 6 10 20 10 4 1 4 10 20 35 15 5 1 5 15 35 56 21 6 1 6 21 56
5 4 3 2 1 2 3 1 1 1 1 1 1 1 5 4 3 2 1 2 3 15 10 6 3 1 3 6 35 20 10 4 1 4 10 70 35 15 5 1 5 15 126 56 21 6 1 6 21
6 5 4 3 2 1 2 1 1 1 1 1 1 1 6 5 4 3 2 1 2 21 15 10 6 3 1 3 56 35 20 10 4 1 4 126 70 35 15 5 1 5 252 126 56 21 6 1 6
7 6 5 4 3 2 1 1 1 1 1 1 1 1 7 6 5 4 3 2 1 28 21 15 10 6 3 1 84 56 35 20 10 4 1 210 126 70 35 15 5 1 462 252 126 56 21 6 1
1 3 6 10 15 21 28 1 2 3 4 5 6 7 1 1 1 1 1 1 1 1 2 3 4 5 6 7 1 3 6 10 15 21 28 1 4 10 20 35 56 84 1 5 15 35 70 126 210
3 1 3 6 10 15 21 2 1 2 3 4 5 6 1 1 1 1 1 1 1 2 1 2 3 4 5 6 3 1 3 6 10 15 21 4 1 4 10 20 35 56 5 1 5 15 35 70 126
6 3 1 3 6 10 15 3 2 1 2 3 4 5 1 1 1 1 1 1 1 3 2 1 2 3 4 5 6 3 1 3 6 10 15 10 4 1 4 10 20 35 15 5 1 5 15 35 70
10 6 3 1 3 6 10 4 3 2 1 2 3 4 1 1 1 1 1 1 1 4 3 2 1 2 3 4 10 6 3 1 3 6 10 20 10 4 1 4 10 20 35 15 5 1 5 15 35
15 10 6 3 1 3 6 5 4 3 2 1 2 3 1 1 1 1 1 1 1 5 4 3 2 1 2 3 15 10 6 3 1 3 6 35 20 10 4 1 4 10 70 35 15 5 1 5 15
21 15 10 6 3 1 3 6 5 4 3 2 1 2 1 1 1 1 1 1 1 6 5 4 3 2 1 2 21 15 10 6 3 1 3 56 35 20 10 4 1 4 126 70 35 15 5 1 5
28 21 15 10 6 3 1 7 6 5 4 3 2 1 1 1 1 1 1 1 1 7 6 5 4 3 2 1 28 21 15 10 6 3 1 84 56 35 20 10 4 1 210 126 70 35 15 5 1
1 4 10 20 35 56 84 1 3 6 10 15 21 28 1 2 3 4 5 6 7 1 1 1 1 1 1 1 1 2 3 4 5 6 7 1 3 6 10 15 21 28 1 4 10 20 35 56 84
4 1 4 10 20 35 56 3 1 3 6 10 15 21 2 1 2 3 4 5 6 1 1 1 1 1 1 1 2 1 2 3 4 5 6 3 1 3 6 10 15 21 4 1 4 10 20 35 56
10 4 1 4 10 20 35 6 3 1 3 6 10 15 3 2 1 2 3 4 5 1 1 1 1 1 1 1 3 2 1 2 3 4 5 6 3 1 3 6 10 15 10 4 1 4 10 20 35
20 10 4 1 4 10 20 10 6 3 1 3 6 10 4 3 2 1 2 3 4 1 1 1 1 1 1 1 4 3 2 1 2 3 4 10 6 3 1 3 6 10 20 10 4 1 4 10 20
35 20 10 4 1 4 10 15 10 6 3 1 3 6 5 4 3 2 1 2 3 1 1 1 1 1 1 1 5 4 3 2 1 2 3 15 10 6 3 1 3 6 35 20 10 4 1 4 10
56 35 20 10 4 1 4 21 15 10 6 3 1 3 6 5 4 3 2 1 2 1 1 1 1 1 1 1 6 5 4 3 2 1 2 21 15 10 6 3 1 3 56 35 20 10 4 1 4
84 56 35 20 10 4 1 28 21 15 10 6 3 1 7 6 5 4 3 2 1 1 1 1 1 1 1 1 7 6 5 4 3 2 1 28 21 15 10 6 3 1 84 56 35 20 10 4 1
1 5 15 35 70 126 210 1 4 10 20 35 56 84 1 3 6 10 15 21 28 1 2 3 4 5 6 7 1 1 1 1 1 1 1 1 2 3 4 5 6 7 1 3 6 10 15 21 28
5 1 5 15 35 70 126 4 1 4 10 20 35 56 3 1 3 6 10 15 21 2 1 2 3 4 5 6 1 1 1 1 1 1 1 2 1 2 3 4 5 6 3 1 3 6 10 15 21
15 5 1 5 15 35 70 10 4 1 4 10 20 35 6 3 1 3 6 10 15 3 2 1 2 3 4 5 1 1 1 1 1 1 1 3 2 1 2 3 4 5 6 3 1 3 6 10 15
35 15 5 1 5 15 35 20 10 4 1 4 10 20 10 6 3 1 3 6 10 4 3 2 1 2 3 4 1 1 1 1 1 1 1 4 3 2 1 2 3 4 10 6 3 1 3 6 10
70 35 15 5 1 5 15 35 20 10 4 1 4 10 15 10 6 3 1 3 6 5 4 3 2 1 2 3 1 1 1 1 1 1 1 5 4 3 2 1 2 3 15 10 6 3 1 3 6
126 70 35 15 5 1 5 56 35 20 10 4 1 4 21 15 10 6 3 1 3 6 5 4 3 2 1 2 1 1 1 1 1 1 1 6 5 4 3 2 1 2 21 15 10 6 3 1 3
210 126 70 35 15 5 1 84 56 35 20 10 4 1 28 21 15 10 6 3 1 7 6 5 4 3 2 1 1 1 1 1 1 1 1 7 6 5 4 3 2 1 28 21 15 10 6 3 1
1 6 21 56 126 252 462 1 5 15 35 70 126 210 1 4 10 20 35 56 84 1 3 6 10 15 21 28 1 2 3 4 5 6 7 1 1 1 1 1 1 1 1 2 3 4 5 6 7
6 1 6 21 56 126 252 5 1 5 15 35 70 126 4 1 4 10 20 35 56 3 1 3 6 10 15 21 2 1 2 3 4 5 6 1 1 1 1 1 1 1 2 1 2 3 4 5 6
21 6 1 6 21 56 126 15 5 1 5 15 35 70 10 4 1 4 10 20 35 6 3 1 3 6 10 15 3 2 1 2 3 4 5 1 1 1 1 1 1 1 3 2 1 2 3 4 5
56 21 6 1 6 21 56 35 15 5 1 5 15 35 20 10 4 1 4 10 20 10 6 3 1 3 6 10 4 3 2 1 2 3 4 1 1 1 1 1 1 1 4 3 2 1 2 3 4
126 56 21 6 1 6 21 70 35 15 5 1 5 15 35 20 10 4 1 4 10 15 10 6 3 1 3 6 5 4 3 2 1 2 3 1 1 1 1 1 1 1 5 4 3 2 1 2 3
252 126 56 21 6 1 6 126 70 35 15 5 1 5 56 35 20 10 4 1 4 21 15 10 6 3 1 3 6 5 4 3 2 1 2 1 1 1 1 1 1 1 6 5 4 3 2 1 2
462 252 126 56 21 6 1 210 126 70 35 15 5 1 84 56 35 20 10 4 1 28 21 15 10 6 3 1 7 6 5 4 3 2 1 1 1 1 1 1 1 1 7 6 5 4 3 2 1
1 7 28 84 210 462 924 1 6 21 56 126 252 462 1 5 15 35 70 126 210 1 4 10 20 35 56 84 1 3 6 10 15 21 28 1 2 3 4 5 6 7 1 1 1 1 1 1 1
7 1 7 28 84 210 462 6 1 6 21 56 126 252 5 1 5 15 35 70 126 4 1 4 10 20 35 56 3 1 3 6 10 15 21 2 1 2 3 4 5 6 1 1 1 1 1 1 1
28 7 1 7 28 84 210 21 6 1 6 21 56 126 15 5 1 5 15 35 70 10 4 1 4 10 20 35 6 3 1 3 6 10 15 3 2 1 2 3 4 5 1 1 1 1 1 1 1
84 28 7 1 7 28 84 56 21 6 1 6 21 56 35 15 5 1 5 15 35 20 10 4 1 4 10 20 10 6 3 1 3 6 10 4 3 2 1 2 3 4 1 1 1 1 1 1 1
210 84 28 7 1 7 28 126 56 21 6 1 6 21 70 35 15 5 1 5 15 35 20 10 4 1 4 10 15 10 6 3 1 3 6 5 4 3 2 1 2 3 1 1 1 1 1 1 1
462 210 84 28 7 1 7 252 126 56 21 6 1 6 126 70 35 15 5 1 5 56 35 20 10 4 1 4 21 15 10 6 3 1 3 6 5 4 3 2 1 2 1 1 1 1 1 1 1
924 462 210 84 28 7 1 462 252 126 56 21 6 1 210 126 70 35 15 5 1 84 56 35 20 10 4 1 28 21 15 10 6 3 1 7 6 5 4 3 2 1 1 1 1 1 1 1 1
1 1 1 1 1 1 4 1 2 1 1 1 1 3 1 1 1 2 1 1 2 1 1 1 1 1 1 1 1 1 1 1 1 1 3 1 1 1 1 1 1 2 1 1 1 1 1 1 1
1 1 2 2 2 2 8 2 1 2 2 2 2 6 2 2 2 4 2 2 4 2 2 2 2 2 2 2 2 2 2 2 2 2 6 2 2 2 2 2 2 4 2 2 2 2 2 2 2
1 2 1 1 1 1 4 1 1 1 1 1 1 3 1 1 1 1 1 1 2 1 2 1 1 1 1 1 1 1 1 1 1 1 3 1 1 1 1 1 1 2 1 1 1 1 1 1 1
1 2 1 1 1 1 4 1 1 1 1 1 1 3 1 1 1 1 1 1 2 2 1 1 1 1 1 1 1 1 1 1 1 1 3 1 1 1 1 1 1 2 1 1 1 1 1 1 1
1 2 1 1 1 1 1 1 1 1 1 1 1 2 1 2 1 1 1 1 3 1 1 1 1 1 1 4 1 1 1 1 1 1 3 1 1 1 1 1 1 2 1 1 1 1 1 1 1
1 2 1 1 1 1 1 1 1 1 1 1 2 1 1 2 1 1 1 2 1 1 1 1 1 1 2 1 1 1 1 1 1 1 3 1 1 1 1 1 1 2 1 1 1 1 1 1 1
4 8 4 4 1 1 1 4 4 4 4 2 1 1 4 8 4 4 3 1 1 4 4 4 4 4 1 1 4 4 4 4 4 4 12 4 4 4 4 4 4 8 4 4 4 4 4 4 4
1 2 1 1 1 1 4 1 1 1 1 1 1 3 1 1 1 2 1 1 2 1 1 1 1 1 1 1 1 1 1 1 1 1 3 1 1 1 1 1 1 2 1 1 1 1 1 1 1
2 1 1 1 1 1 4 1 1 1 1 1 1 3 1 1 1 2 1 1 2 1 1 1 1 1 1 1 1 1 1 1 1 1 3 1 1 1 1 1 1 2 1 1 1 1 1 1 1
1 2 1 1 1 1 4 1 1 1 1 1 1 3 1 1 1 1 1 1 2 1 2 1 1 1 1 1 1 1 1 1 1 1 3 1 1 1 1 1 1 2 1 1 1 1 1 1 1
1 2 1 1 1 1 4 1 1 1 1 1 1 3 1 1 1 1 1 1 2 2 1 1 1 1 1 1 1 1 1 1 1 1 3 1 1 1 1 1 1 2 1 1 1 1 1 1 1
1 2 1 1 1 1 2 1 1 1 1 1 1 1 1 2 1 1 1 1 2 1 1 1 1 1 1 3 1 1 1 1 1 1 3 1 1 1 1 1 1 2 1 1 1 1 1 1 1
1 2 1 1 1 2 1 1 1 1 1 1 1 1 1 2 1 1 1 2 1 1 1 1 1 1 2 1 1 1 1 1 1 1 3 1 1 1 1 1 1 2 1 1 1 1 1 1 1
3 6 3 3 2 1 1 3 3 3 3 1 1 1 3 6 3 3 2 1 1 3 3 3 3 3 1 1 3 3 3 3 3 3 9 3 3 3 3 3 3 6 3 3 3 3 3 3 3
1 2 1 1 1 1 4 1 1 1 1 1 1 3 1 1 1 2 1 1 2 1 1 1 1 1 1 1 1 1 1 1 1 1 3 1 1 1 1 1 1 2 1 1 1 1 1 1 1
1 2 1 1 2 2 8 1 1 1 1 2 2 6 1 1 1 1 2 2 4 1 1 1 2 2 2 2 2 2 2 2 2 2 6 2 2 2 2 2 2 4 2 2 2 2 2 2 2
1 2 1 1 1 1 4 1 1 1 1 1 1 3 1 1 1 1 1 1 2 1 1 2 1 1 1 1 1 1 1 1 1 1 3 1 1 1 1 1 1 2 1 1 1 1 1 1 1
2 4 1 1 1 1 4 2 2 1 1 1 1 3 2 1 1 1 1 1 2 1 1 1 1 1 1 1 1 1 1 1 1 1 3 1 1 1 1 1 1 2 1 1 1 1 1 1 1
1 2 1 1 1 1 3 1 1 1 1 1 1 2 1 2 1 1 1 1 1 1 1 1 1 1 1 2 1 1 1 1 1 1 3 1 1 1 1 1 1 2 1 1 1 1 1 1 1
1 2 1 1 1 2 1 1 1 1 1 1 2 1 1 2 1 1 1 1 1 1 1 1 1 1 2 1 1 1 1 1 1 1 3 1 1 1 1 1 1 2 1 1 1 1 1 1 1
2 4 2 2 3 1 1 2 2 2 2 2 1 1 2 4 2 2 1 1 1 2 2 2 2 2 1 1 2 2 2 2 2 2 6 2 2 2 2 2 2 4 2 2 2 2 2 2 2
1 2 1 2 1 1 4 1 1 1 2 1 1 3 1 1 1 1 1 1 2 1 1 1 1 1 1 1 1 1 1 1 1 1 3 1 1 1 1 1 1 2 1 1 1 1 1 1 1
1 2 2 1 1 1 4 1 1 2 1 1 1 3 1 1 1 1 1 1 2 1 1 1 1 1 1 1 1 1 1 1 1 1 3 1 1 1 1 1 1 2 1 1 1 1 1 1 1
1 2 1 1 1 1 4 1 1 1 1 1 1 3 1 1 2 1 1 1 2 1 1 1 1 1 1 1 1 1 1 1 1 1 3 1 1 1 1 1 1 2 1 1 1 1 1 1 1
1 2 1 1 1 1 4 1 1 1 1 1 1 3 1 2 1 1 1 1 2 1 1 1 1 1 1 1 1 1 1 1 1 1 3 1 1 1 1 1 1 2 1 1 1 1 1 1 1
1 2 1 1 1 1 4 1 1 1 1 1 1 3 1 2 1 1 1 1 2 1 1 1 1 1 1 1 1 1 1 1 1 1 3 1 1 1 1 1 1 2 1 1 1 1 1 1 1
1 2 1 1 1 2 1 1 1 1 1 1 2 1 1 2 1 1 1 2 1 1 1 1 1 1 1 1 1 1 1 1 1 1 3 1 1 1 1 1 1 2 1 1 1 1 1 1 1
1 2 1 1 4 1 1 1 1 1 1 3 1 1 1 2 1 1 2 1 1 1 1 1 1 1 1 1 1 1 1 1 1 1 3 1 1 1 1 1 1 2 1 1 1 1 1 1 1
1 2 1 1 1 1 4 1 1 1 1 1 1 3 1 2 1 1 1 1 2 1 1 1 1 1 1 1 1 1 1 1 1 1 3 1 1 1 1 1 1 2 1 1 1 1 1 1 1
1 2 1 1 1 1 4 1 1 1 1 1 1 3 1 2 1 1 1 1 2 1 1 1 1 1 1 1 1 1 1 1 1 1 3 1 1 1 1 1 1 2 1 1 1 1 1 1 1
1 2 1 1 1 1 4 1 1 1 1 1 1 3 1 2 1 1 1 1 2 1 1 1 1 1 1 1 1 1 1 1 1 1 3 1 1 1 1 1 1 2 1 1 1 1 1 1 1
1 2 1 1 1 1 4 1 1 1 1 1 1 3 1 2 1 1 1 1 2 1 1 1 1 1 1 1 1 1 1 1 1 1 3 1 1 1 1 1 1 2 1 1 1 1 1 1 1
1 2 1 1 1 1 4 1 1 1 1 1 1 3 1 2 1 1 1 1 2 1 1 1 1 1 1 1 1 1 1 1 1 1 1 1 1 1 1 1 1 2 1 1 1 1 1 1 3
1 2 1 1 1 1 4 1 1 1 1 1 1 3 1 2 1 1 1 1 2 1 1 1 1 1 1 1 1 1 1 1 1 1 1 1 1 1 1 1 2 1 1 1 1 1 1 2 1
3 6 3 3 3 3 12 3 3 3 3 3 3 9 3 6 3 3 3 3 6 3 3 3 3 3 3 3 3 3 3 3 1 1 1 3 3 3 3 2 1 1 3 3 3 3 3 1 1
1 2 1 1 1 1 4 1 1 1 1 1 1 3 1 2 1 1 1 1 2 1 1 1 1 1 1 1 1 1 1 1 1 1 3 1 1 1 1 1 1 2 1 1 1 1 1 1 1
1 2 1 1 1 1 4 1 1 1 1 1 1 3 1 2 1 1 1 1 2 1 1 1 1 1 1 1 1 1 1 1 1 1 3 1 1 1 1 1 1 2 1 1 1 1 1 1 1
1 2 1 1 1 1 4 1 1 1 1 1 1 3 1 2 1 1 1 1 2 1 1 1 1 1 1 1 1 1 1 1 1 1 3 1 1 1 1 1 1 2 1 1 1 1 1 1 1
1 2 1 1 1 1 4 1 1 1 1 1 1 3 1 2 1 1 1 1 2 1 1 1 1 1 1 1 1 1 1 1 1 1 3 1 1 1 1 1 1 2 1 1 1 1 1 1 1
1 2 1 1 1 1 4 1 1 1 1 1 1 3 1 2 1 1 1 1 2 1 1 1 1 1 1 1 1 1 1 1 1 1 2 1 1 1 1 1 1 1 1 1 1 1 1 1 2
1 2 1 1 1 1 4 1 1 1 1 1 1 3 1 2 1 1 1 1 2 1 1 1 1 1 1 1 1 1 1 1 1 2 1 1 1 1 1 1 1 1 1 1 1 1 1 2 1
2 4 2 2 2 2 8 2 2 2 2 2 2 6 2 4 2 2 2 2 4 2 2 2 2 2 2 2 2 2 2 2 2 1 1 2 2 2 2 1 1 1 2 2 2 2 2 1 1
1 2 1 1 1 1 4 1 1 1 1 1 1 3 1 2 1 1 1 1 2 1 1 1 1 1 1 1 1 1 1 1 1 1 3 1 1 1 1 1 1 2 1 1 1 1 1 1 1
1 2 1 1 1 1 4 1 1 1 1 1 1 3 1 2 1 1 1 1 2 1 1 1 1 1 1 1 1 1 1 1 1 1 3 1 1 1 1 1 1 2 1 1 1 1 1 1 1
1 2 1 1 1 1 4 1 1 1 1 1 1 3 1 2 1 1 1 1 2 1 1 1 1 1 1 1 1 1 1 1 1 1 3 1 1 1 1 1 1 2 1 1 1 1 1 1 1
1 2 1 1 1 1 4 1 1 1 1 1 1 3 1 2 1 1 1 1 2 1 1 1 1 1 1 1 1 1 1 1 1 1 3 1 1 1 1 1 1 2 1 1 1 1 1 1 1
1 2 1 1 1 1 4 1 1 1 1 1 1 3 1 2 1 1 1 1 2 1 1 1 1 1 1 1 1 1 1 1 1 1 3 1 1 1 1 1 1 2 1 1 1 1 1 1 1
1 2 1 1 1 1 4 1 1 1 1 1 1 3 1 2 1 1 1 1 2 1 1 1 1 1 1 1 1 1 1 1 1 2 1 1 1 1 1 1 2 1 1 1 1 1 1 1 1
1 2 1 1 1 1 4 1 1 1 1 1 1 3 1 2 1 1 1 1 2 1 1 1 1 1 1 1 1 1 1 1 3 1 1 1 1 1 1 2 1 1 1 1 1 1 1 1 1
1 1 1 1 1 1 1 1 1 2 3 4 5 6 7 8 1 3 6 10 15 21 28 36 1 4 10 20 35 56 84 120 1 5 15 35 70 126 210 330 1 6 21 56 126 252 462 792 1 7 28 84 210 462 924 1716 1 8 36 120 330 792 1716 3432
1 1 1 1 1 1 1 1 2 1 2 3 4 5 6 7 3 1 3 6 10 15 21 28 4 1 4 10 20 35 56 84 5 1 5 15 35 70 126 210 6 1 6 21 56 126 252 462 7 1 7 28 84 210 462 924 8 1 8 36 120 330 792 1716
1 1 1 1 1 1 1 1 3 2 1 2 3 4 5 6 6 3 1 3 6 10 15 21 10 4 1 4 10 20 35 56 15 5 1 5 15 35 70 126 21 6 1 6 21 56 126 252 28 7 1 7 28 84 210 462 36 8 1 8 36 120 330 792
1 1 1 1 1 1 1 1 4 3 2 1 2 3 4 5 10 6 3 1 3 6 10 15 20 10 4 1 4 10 20 35 35 15 5 1 5 15 35 70 56 21 6 1 6 21 56 126 84 28 7 1 7 28 84 210 120 36 8 1 8 36 120 330
1 1 1 1 1 1 1 1 5 4 3 2 1 2 3 4 15 10 6 3 1 3 6 10 35 20 10 4 1 4 10 20 70 35 15 5 1 5 15 35 126 56 21 6 1 6 21 56 210 84 28 7 1 7 28 84 330 120 36 8 1 8 36 120
1 1 1 1 1 1 1 1 6 5 4 3 2 1 2 3 21 15 10 6 3 1 3 6 56 35 20 10 4 1 4 10 126 70 35 15 5 1 5 15 252 126 56 21 6 1 6 21 462 210 84 28 7 1 7 28 792 330 120 36 8 1 8 36
1 1 1 1 1 1 1 1 7 6 5 4 3 2 1 2 28 21 15 10 6 3 1 3 84 56 35 20 10 4 1 4 210 126 70 35 15 5 1 5 462 252 126 56 21 6 1 6 924 462 210 84 28 7 1 7 1716 792 330 120 36 8 1 8
1 1 1 1 1 1 1 1 8 7 6 5 4 3 2 1 36 28 21 15 10 6 3 1 120 84 56 35 20 10 4 1 330 210 126 70 35 15 5 1 792 462 252 126 56 21 6 1 1716 924 462 210 84 28 7 1 3432 1716 792 330 120 36 8 1
1 2 3 4 5 6 7 8 1 1 1 1 1 1 1 1 1 2 3 4 5 6 7 8 1 3 6 10 15 21 28 36 1 4 10 20 35 56 84 120 1 5 15 35 70 126 210 330 1 6 21 56 126 252 462 792 1 7 28 84 210 462 924 1716
2 1 2 3 4 5 6 7 1 1 1 1 1 1 1 1 2 1 2 3 4 5 6 7 3 1 3 6 10 15 21 28 4 1 4 10 20 35 56 84 5 1 5 15 35 70 126 210 6 1 6 21 56 126 252 462 7 1 7 28 84 210 462 924
3 2 1 2 3 4 5 6 1 1 1 1 1 1 1 1 3 2 1 2 3 4 5 6 6 3 1 3 6 10 15 21 10 4 1 4 10 20 35 56 15 5 1 5 15 35 70 126 21 6 1 6 21 56 126 252 28 7 1 7 28 84 210 462
4 3 2 1 2 3 4 5 1 1 1 1 1 1 1 1 4 3 2 1 2 3 4 5 10 6 3 1 3 6 10 15 20 10 4 1 4 10 20 35 35 15 5 1 5 15 35 70 56 21 6 1 6 21 56 126 84 28 7 1 7 28 84 210
5 4 3 2 1 2 3 4 1 1 1 1 1 1 1 1 5 4 3 2 1 2 3 4 15 10 6 3 1 3 6 10 35 20 10 4 1 4 10 20 70 35 15 5 1 5 15 35 126 56 21 6 1 6 21 56 210 84 28 7 1 7 28 84
6 5 4 3 2 1 2 3 1 1 1 1 1 1 1 1 6 5 4 3 2 1 2 3 21 15 10 6 3 1 3 6 56 35 20 10 4 1 4 10 126 70 35 15 5 1 5 15 252 126 56 21 6 1 6 21 462 210 84 28 7 1 7 28
7 6 5 4 3 2 1 2 1 1 1 1 1 1 1 1 7 6 5 4 3 2 1 2 28 21 15 10 6 3 1 3 84 56 35 20 10 4 1 4 210 126 70 35 15 5 1 5 462 252 126 56 21 6 1 6 924 462 210 84 28 7 1 7
8 7 6 5 4 3 2 1 1 1 1 1 1 1 1 1 8 7 6 5 4 3 2 1 36 28 21 15 10 6 3 1 120 84 56 35 20 10 4 1 330 210 126 70 35 15 5 1 792 462 252 126 56 21 6 1 1716 924 462 210 84 28 7 1
1 3 6 10 15 21 28 36 1 2 3 4 5 6 7 8 1 1 1 1 1 1 1 1 1 2 3 4 5 6 7 8 1 3 6 10 15 21 28 36 1 4 10 20 35 56 84 120 1 5 15 35 70 126 210 330 1 6 21 56 126 252 462 792
3 1 3 6 10 15 21 28 2 1 2 3 4 5 6 7 1 1 1 1 1 1 1 1 2 1 2 3 4 5 6 7 3 1 3 6 10 15 21 28 4 1 4 10 20 35 56 84 5 1 5 15 35 70 126 210 6 1 6 21 56 126 252 462
6 3 1 3 6 10 15 21 3 2 1 2 3 4 5 6 1 1 1 1 1 1 1 1 3 2 1 2 3 4 5 6 6 3 1 3 6 10 15 21 10 4 1 4 10 20 35 56 15 5 1 5 15 35 70 126 21 6 1 6 21 56 126 252
10 6 3 1 3 6 10 15 4 3 2 1 2 3 4 5 1 1 1 1 1 1 1 1 4 3 2 1 2 3 4 5 10 6 3 1 3 6 10 15 20 10 4 1 4 10 20 35 35 15 5 1 5 15 35 70 56 21 6 1 6 21 56 126
15 10 6 3 1 3 6 10 5 4 3 2 1 2 3 4 1 1 1 1 1 1 1 1 5 4 3 2 1 2 3 4 15 10 6 3 1 3 6 10 35 20 10 4 1 4 10 20 70 35 15 5 1 5 15 35 126 56 21 6 1 6 21 56
21 15 10 6 3 1 3 6 6 5 4 3 2 1 2 3 1 1 1 1 1 1 1 1 6 5 4 3 2 1 2 3 21 15 10 6 3 1 3 6 56 35 20 10 4 1 4 10 126 70 35 15 5 1 5 15 252 126 56 21 6 1 6 21
28 21 15 10 6 3 1 3 7 6 5 4 3 2 1 2 1 1 1 1 1 1 1 1 7 6 5 4 3 2 1 2 28 21 15 10 6 3 1 3 84 56 35 20 10 4 1 4 210 126 70 35 15 5 1 5 462 252 126 56 21 6 1 6
36 28 21 15 10 6 3 1 8 7 6 5 4 3 2 1 1 1 1 1 1 1 1 1 8 7 6 5 4 3 2 1 36 28 21 15 10 6 3 1 120 84 56 35 20 10 4 1 330 210 126 70 35 15 5 1 792 462 252 126 56 21 6 1
1 4 10 20 35 56 84 120 1 3 6 10 15 21 28 36 1 2 3 4 5 6 7 8 1 1 1 1 1 1 1 1 1 2 3 4 5 6 7 8 1 3 6 10 15 21 28 36 1 4 10 20 35 56 84 120 1 5 15 35 70 126 210 330
4 1 4 10 20 35 56 84 3 1 3 6 10 15 21 28 2 1 2 3 4 5 6 7 1 1 1 1 1 1 1 1 2 1 2 3 4 5 6 7 3 1 3 6 10 15 21 28 4 1 4 10 20 35 56 84 5 1 5 15 35 70 126 210
10 4 1 4 10 20 35 56 6 3 1 3 6 10 15 21 3 2 1 2 3 4 5 6 1 1 1 1 1 1 1 1 3 2 1 2 3 4 5 6 6 3 1 3 6 10 15 21 10 4 1 4 10 20 35 56 15 5 1 5 15 35 70 126
20 10 4 1 4 10 20 35 10 6 3 1 3 6 10 15 4 3 2 1 2 3 4 5 1 1 1 1 1 1 1 1 4 3 2 1 2 3 4 5 10 6 3 1 3 6 10 15 20 10 4 1 4 10 20 35 35 15 5 1 5 15 35 70
35 20 10 4 1 4 10 20 15 10 6 3 1 3 6 10 5 4 3 2 1 2 3 4 1 1 1 1 1 1 1 1 5 4 3 2 1 2 3 4 15 10 6 3 1 3 6 10 35 20 10 4 1 4 10 20 70 35 15 5 1 5 15 35
56 35 20 10 4 1 4 10 21 15 10 6 3 1 3 6 6 5 4 3 2 1 2 3 1 1 1 1 1 1 1 1 6 5 4 3 2 1 2 3 21 15 10 6 3 1 3 6 56 35 20 10 4 1 4 10 126 70 35 15 5 1 5 15
84 56 35 20 10 4 1 4 28 21 15 10 6 3 1 3 7 6 5 4 3 2 1 2 1 1 1 1 1 1 1 1 7 6 5 4 3 2 1 2 28 21 15 10 6 3 1 3 84 56 35 20 10 4 1 4 210 126 70 35 15 5 1 5
120 84 56 35 20 10 4 1 36 28 21 15 10 6 3 1 8 7 6 5 4 3 2 1 1 1 1 1 1 1 1 1 8 7 6 5 4 3 2 1 36 28 21 15 10 6 3 1 120 84 56 35 20 10 4 1 330 210 126 70 35 15 5 1
1 5 15 35 70 126 210 330 1 4 10 20 35 56 84 120 1 3 6 10 15 21 28 36 1 2 3 4 5 6 7 8 1 1 1 1 1 1 1 1 1 2 3 4 5 6 7 8 1 3 6 10 15 21 28 36 1 4 10 20 35 56 84 120
5 1 5 15 35 70 126 210 4 1 4 10 20 35 56 84 3 1 3 6 10 15 21 28 2 1 2 3 4 5 6 7 1 1 1 1 1 1 1 1 2 1 2 3 4 5 6 7 3 1 3 6 10 15 21 28 4 1 4 10 20 35 56 84
15 5 1 5 15 35 70 126 10 4 1 4 10 20 35 56 6 3 1 3 6 10 15 21 3 2 1 2 3 4 5 6 1 1 1 1 1 1 1 1 3 2 1 2 3 4 5 6 6 3 1 3 6 10 15 21 10 4 1 4 10 20 35 56
35 15 5 1 5 15 35 70 20 10 4 1 4 10 20 35 10 6 3 1 3 6 10 15 4 3 2 1 2 3 4 5 1 1 1 1 1 1 1 1 4 3 2 1 2 3 4 5 10 6 3 1 3 6 10 15 20 10 4 1 4 10 20 35
70 35 15 5 1 5 15 35 35 20 10 4 1 4 10 20 15 10 6 3 1 3 6 10 5 4 3 2 1 2 3 4 1 1 1 1 1 1 1 1 5 4 3 2 1 2 3 4 15 10 6 3 1 3 6 10 35 20 10 4 1 4 10 20
126 70 35 15 5 1 5 15 56 35 20 10 4 1 4 10 21 15 10 6 3 1 3 6 6 5 4 3 2 1 2 3 1 1 1 1 1 1 1 1 6 5 4 3 2 1 2 3 21 15 10 6 3 1 3 6 56 35 20 10 4 1 4 10
210 126 70 35 15 5 1 5 84 56 35 20 10 4 1 4 28 21 15 10 6 3 1 3 7 6 5 4 3 2 1 2 1 1 1 1 1 1 1 1 7 6 5 4 3 2 1 2 28 21 15 10 6 3 1 3 84 56 35 20 10 4 1 4
330 210 126 70 35 15 5 1 120 84 56 35 20 10 4 1 36 28 21 15 10 6 3 1 8 7 6 5 4 3 2 1 1 1 1 1 1 1 1 1 8 7 6 5 4 3 2 1 36 28 21 15 10 6 3 1 120 84 56 35 20 10 4 1
1 6 21 56 126 252 462 792 1 5 15 35 70 126 210 330 1 4 10 20 35 56 84 120 1 3 6 10 15 21 28 36 1 2 3 4 5 6 7 8 1 1 1 1 1 1 1 1 1 2 3 4 5 6 7 8 1 3 6 10 15 21 28 36
6 1 6 21 56 126 252 462 5 1 5 15 35 70 126 210 4 1 4 10 20 35 56 84 3 1 3 6 10 15 21 28 2 1 2 3 4 5 6 7 1 1 1 1 1 1 1 1 2 1 2 3 4 5 6 7 3 1 3 6 10 15 21 28
21 6 1 6 21 56 126 252 15 5 1 5 15 35 70 126 10 4 1 4 10 20 35 56 6 3 1 3 6 10 15 21 3 2 1 2 3 4 5 6 1 1 1 1 1 1 1 1 3 2 1 2 3 4 5 6 6 3 1 3 6 10 15 21
56 21 6 1 6 21 56 126 35 15 5 1 5 15 35 70 20 10 4 1 4 10 20 35 10 6 3 1 3 6 10 15 4 3 2 1 2 3 4 5 1 1 1 1 1 1 1 1 4 3 2 1 2 3 4 5 10 6 3 1 3 6 10 15
126 56 21 6 1 6 21 56 70 35 15 5 1 5 15 35 35 20 10 4 1 4 10 20 15 10 6 3 1 3 6 10 5 4 3 2 1 2 3 4 1 1 1 1 1 1 1 1 5 4 3 2 1 2 3 4 15 10 6 3 1 3 6 10
252 126 56 21 6 1 6 21 126 70 35 15 5 1 5 15 56 35 20 10 4 1 4 10 21 15 10 6 3 1 3 6 6 5 4 3 2 1 2 3 1 1 1 1 1 1 1 1 6 5 4 3 2 1 2 3 21 15 10 6 3 1 3 6
462 252 126 56 21 6 1 6 210 126 70 35 15 5 1 5 84 56 35 20 10 4 1 4 28 21 15 10 6 3 1 3 7 6 5 4 3 2 1 2 1 1 1 1 1 1 1 1 7 6 5 4 3 2 1 2 28 21 15 10 6 3 1 3
792 462 252 126 56 21 6 1 330 210 126 70 35 15 5 1 120 84 56 35 20 10 4 1 36 28 21 15 10 6 3 1 8 7 6 5 4 3 2 1 1 1 1 1 1 1 1 1 8 7 6 5 4 3 2 1 36 28 21 15 10 6 3 1
1 7 28 84 210 462 924 1716 1 6 21 56 126 252 462 792 1 5 15 35 70 126 210 330 1 4 10 20 35 56 84 120 1 3 6 10 15 21 28 36 1 2 3 4 5 6 7 8 1 1 1 1 1 1 1 1 1 2 3 4 5 6 7 8
7 1 7 28 84 210 462 924 6 1 6 21 56 126 252 462 5 1 5 15 35 70 126 210 4 1 4 10 20 35 56 84 3 1 3 6 10 15 21 28 2 1 2 3 4 5 6 7 1 1 1 1 1 1 1 1 2 1 2 3 4 5 6 7
28 7 1 7 28 84 210 462 21 6 1 6 21 56 126 252 15 5 1 5 15 35 70 126 10 4 1 4 10 20 35 56 6 3 1 3 6 10 15 21 3 2 1 2 3 4 5 6 1 1 1 1 1 1 1 1 3 2 1 2 3 4 5 6
84 28 7 1 7 28 84 210 56 21 6 1 6 21 56 126 35 15 5 1 5 15 35 70 20 10 4 1 4 10 20 35 10 6 3 1 3 6 10 15 4 3 2 1 2 3 4 5 1 1 1 1 1 1 1 1 4 3 2 1 2 3 4 5
210 84 28 7 1 7 28 84 126 56 21 6 1 6 21 56 70 35 15 5 1 5 15 35 35 20 10 4 1 4 10 20 15 10 6 3 1 3 6 10 5 4 3 2 1 2 3 4 1 1 1 1 1 1 1 1 5 4 3 2 1 2 3 4
462 210 84 28 7 1 7 28 252 126 56 21 6 1 6 21 126 70 35 15 5 1 5 15 56 35 20 10 4 1 4 10 21 15 10 6 3 1 3 6 6 5 4 3 2 1 2 3 1 1 1 1 1 1 1 1 6 5 4 3 2 1 2 3
924 462 210 84 28 7 1 7 462 252 126 56 21 6 1 6 210 126 70 35 15 5 1 5 84 56 35 20 10 4 1 4 28 21 15 10 6 3 1 3 7 6 5 4 3 2 1 2 1 1 1 1 1 1 1 1 7 6 5 4 3 2 1 2
1716 924 462 210 84 28 7 1 792 462 252 126 56 21 6 1 330 210 126 70 35 15 5 1 120 84 56 35 20 10 4 1 36 28 21 15 10 6 3 1 8 7 6 5 4 3 2 1 1 1 1 1 1 1 1 1 8 7 6 5 4 3 2 1
1 8 36 120 330 792 1716 3432 1 7 28 84 210 462 924 1716 1 6 21 56 126 252 462 792 1 5 15 35 70 126 210 330 1 4 10 20 35 56 84 120 1 3 6 10 15 21 28 36 1 2 3 4 5 6 7 8 1 1 1 1 1 1 1 1
8 1 8 36 120 330 792 1716 7 1 7 28 84 210 462 924 6 1 6 21 56 126 252 462 5 1 5 15 35 70 126 210 4 1 4 10 20 35 56 84 3 1 3 6 10 15 21 28 2 1 2 3 4 5 6 7 1 1 1 1 1 1 1 1
36 8 1 8 36 120 330 792 28 7 1 7 28 84 210 462 21 6 1 6 21 56 126 252 15 5 1 5 15 35 70 126 10 4 1 4 10 20 35 56 6 3 1 3 6 10 15 21 3 2 1 2 3 4 5 6 1 1 1 1 1 1 1 1
120 36 8 1 8 36 120 330 84 28 7 1 7 28 84 210 56 21 6 1 6 21 56 126 35 15 5 1 5 15 35 70 20 10 4 1 4 10 20 35 10 6 3 1 3 6 10 15 4 3 2 1 2 3 4 5 1 1 1 1 1 1 1 1
330 120 36 8 1 8 36 120 210 84 28 7 1 7 28 84 126 56 21 6 1 6 21 56 70 35 15 5 1 5 15 35 35 20 10 4 1 4 10 20 15 10 6 3 1 3 6 10 5 4 3 2 1 2 3 4 1 1 1 1 1 1 1 1
792 330 120 36 8 1 8 36 462 210 84 28 7 1 7 28 252 126 56 21 6 1 6 21 126 70 35 15 5 1 5 15 56 35 20 10 4 1 4 10 21 15 10 6 3 1 3 6 6 5 4 3 2 1 2 3 1 1 1 1 1 1 1 1
1716 792 330 120 36 8 1 8 924 462 210 84 28 7 1 7 462 252 126 56 21 6 1 6 210 126 70 35 15 5 1 5 84 56 35 20 10 4 1 4 28 21 15 10 6 3 1 3 7 6 5 4 3 2 1 2 1 1 1 1 1 1 1 1
3432 1716 792 330 120 36 8 1 1716 924 462 210 84 28 7 1 792 462 252 126 56 21 6 1 330 210 126 70 35 15 5 1 120 84 56 35 20 10 4 1 36 28 21 15 10 6 3 1 8 7 6 5 4 3 2 1 1 1 1 1 1 1 1 1